SF:lib\main\auth_pages\login_page.dart
DA:16,4
DA:19,12
DA:22,12
DA:23,4
DA:24,4
DA:25,4
DA:26,4
DA:27,4
DA:28,8
DA:29,4
DA:31,4
DA:32,4
DA:34,4
DA:35,4
DA:37,8
DA:38,8
DA:39,4
DA:42,4
DA:43,4
DA:44,4
DA:46,8
DA:49,4
DA:50,4
DA:51,4
DA:52,4
DA:53,4
DA:54,4
DA:62,3
DA:63,3
DA:65,3
DA:66,3
DA:73,8
DA:74,4
DA:75,4
DA:84,3
DA:85,3
DA:87,3
DA:88,3
DA:97,8
DA:99,4
DA:100,3
DA:107,12
DA:108,9
DA:109,9
DA:110,9
DA:115,8
DA:117,4
DA:118,0
DA:122,8
DA:124,4
DA:125,0
DA:135,3
DA:136,9
DA:138,2
DA:139,0
DA:140,2
DA:141,0
LF:57
LH:53
end_of_record
SF:lib\main\chat_page.dart
DA:12,12
DA:14,1
DA:15,1
DA:22,1
DA:24,1
DA:29,1
DA:32,1
DA:33,1
DA:34,1
DA:36,1
DA:37,1
DA:39,0
DA:40,0
DA:42,0
DA:43,0
DA:51,1
DA:52,2
DA:53,0
DA:54,0
DA:55,0
DA:59,1
DA:63,0
DA:65,0
DA:66,0
DA:67,0
DA:68,0
DA:69,0
DA:70,0
DA:72,0
DA:73,0
DA:74,0
DA:75,0
LF:32
LH:14
end_of_record
SF:lib\main\utils\chat_page_utils.dart
DA:5,1
DA:8,1
DA:9,2
DA:14,1
DA:17,1
DA:18,2
DA:23,0
DA:26,0
DA:27,0
DA:28,0
DA:29,0
DA:30,0
DA:31,0
DA:34,0
DA:39,0
DA:41,0
DA:42,0
DA:43,0
DA:44,0
DA:45,0
LF:20
LH:6
end_of_record
SF:lib\app_state.dart
DA:11,4
DA:12,4
DA:17,8
DA:18,2
DA:19,2
DA:24,2
DA:25,1
DA:26,1
DA:31,2
DA:32,2
DA:33,2
DA:36,4
DA:37,4
DA:38,4
DA:40,0
DA:41,0
DA:44,0
DA:45,0
DA:46,0
DA:47,0
DA:48,0
DA:51,0
DA:52,0
DA:53,0
DA:54,0
DA:55,0
DA:57,0
DA:59,0
LF:28
LH:14
end_of_record
SF:lib\firebase_options.dart
DA:18,4
DA:22,4
DA:23,4
DA:25,0
DA:27,0
DA:30,0
LF:6
LH:3
end_of_record
SF:lib\main\Messages_page.dart
DA:7,0
DA:12,0
DA:13,0
DA:17,0
DA:25,0
DA:26,0
DA:27,0
DA:28,0
DA:30,0
DA:31,0
DA:32,0
DA:34,0
DA:38,0
DA:40,0
DA:41,0
DA:42,0
DA:43,0
DA:51,0
DA:52,0
DA:53,0
DA:54,0
DA:57,0
DA:60,0
DA:61,0
DA:62,0
DA:63,0
DA:64,0
DA:66,0
DA:67,0
DA:69,0
DA:70,0
DA:72,0
DA:74,0
DA:76,0
DA:77,0
DA:78,0
DA:80,0
DA:81,0
DA:83,0
DA:84,0
DA:85,0
DA:86,0
DA:88,0
DA:94,0
DA:100,0
DA:101,0
DA:103,0
DA:109,0
DA:110,0
DA:111,0
DA:112,0
DA:113,0
DA:114,0
DA:115,0
DA:116,0
DA:117,0
DA:118,0
DA:119,0
DA:121,0
DA:122,0
DA:123,0
DA:128,0
DA:131,0
DA:132,0
DA:142,0
DA:143,0
DA:144,0
DA:147,0
DA:148,0
DA:149,0
DA:150,0
DA:151,0
DA:152,0
DA:153,0
DA:154,0
DA:158,0
DA:161,0
DA:162,0
LF:78
LH:0
end_of_record
SF:lib\main\utils\field_validator.dart
DA:4,6
DA:7,6
DA:8,6
DA:9,6
DA:10,12
DA:14,5
DA:15,5
DA:16,5
DA:17,5
DA:18,5
DA:19,10
DA:20,5
DA:21,5
DA:22,5
DA:28,2
DA:29,10
DA:33,2
DA:34,2
DA:35,2
DA:36,4
DA:40,2
DA:42,2
DA:43,4
LF:23
LH:23
end_of_record
SF:lib\main\auth_pages\signup_widgets\shared_widgets.dart
DA:5,71
DA:13,3
DA:16,9
DA:19,9
DA:21,3
DA:22,3
DA:23,12
DA:24,3
DA:27,3
DA:28,6
DA:30,3
DA:31,3
DA:34,6
DA:35,6
DA:37,3
DA:38,3
LF:16
LH:16
end_of_record
SF:lib\main\widgets\notification.dart
DA:10,14
DA:12,0
DA:14,0
DA:15,0
DA:16,0
DA:17,0
DA:18,0
DA:19,0
DA:20,0
DA:21,0
DA:27,0
DA:28,0
DA:30,0
DA:31,0
DA:32,0
DA:33,0
DA:36,0
DA:37,0
DA:38,0
DA:39,0
DA:43,0
DA:45,0
DA:46,0
DA:47,0
DA:48,0
DA:50,0
LF:26
LH:1
end_of_record
SF:lib\main\widgets\recent_chats.dart
DA:9,14
DA:11,0
DA:13,0
DA:19,0
DA:20,0
DA:27,0
DA:31,0
DA:32,0
DA:33,0
DA:34,0
DA:35,0
DA:36,0
DA:37,0
DA:38,0
DA:39,0
DA:40,0
DA:42,0
DA:43,0
DA:45,0
DA:47,0
DA:49,0
DA:51,0
DA:53,0
DA:54,0
DA:55,0
DA:56,0
DA:62,0
DA:63,0
DA:64,0
LF:29
LH:1
end_of_record
SF:lib\main\profile.dart
DA:14,14
DA:16,0
DA:17,0
DA:27,0
DA:29,0
DA:32,0
DA:34,0
DA:35,0
DA:36,0
DA:37,0
DA:39,0
DA:41,0
DA:42,0
DA:45,0
DA:47,0
DA:51,0
DA:53,0
DA:54,0
DA:55,0
DA:56,0
DA:59,0
DA:60,0
DA:61,0
DA:62,0
DA:63,0
DA:64,0
DA:66,0
DA:67,0
DA:68,0
DA:69,0
DA:70,0
DA:73,0
DA:74,0
DA:76,0
DA:80,0
DA:81,0
DA:82,0
DA:84,0
DA:91,0
DA:92,0
DA:95,0
DA:96,0
DA:100,0
DA:101,0
DA:102,0
DA:103,0
DA:104,0
DA:105,0
DA:106,0
DA:108,0
DA:109,0
DA:110,0
DA:124,0
DA:127,0
DA:130,0
DA:131,0
DA:133,0
DA:134,0
DA:135,0
DA:138,0
DA:139,0
DA:141,0
DA:142,0
DA:144,0
DA:146,0
DA:147,0
DA:148,0
DA:149,0
DA:152,0
DA:153,0
DA:154,0
DA:155,0
DA:156,0
DA:157,0
DA:164,0
DA:165,0
DA:166,0
DA:167,0
DA:168,0
DA:175,0
DA:176,0
DA:177,0
DA:178,0
DA:184,0
DA:185,0
DA:187,0
DA:198,0
DA:201,0
DA:202,0
DA:203,0
DA:205,0
DA:206,0
DA:207,0
DA:209,0
DA:210,0
DA:211,0
DA:212,0
DA:213,0
DA:214,0
DA:215,0
DA:217,0
DA:219,0
DA:221,0
DA:223,0
DA:225,0
DA:226,0
DA:227,0
DA:228,0
DA:229,0
DA:232,0
DA:233,0
DA:234,0
DA:235,0
DA:236,0
DA:237,0
DA:238,0
DA:239,0
DA:240,0
DA:241,0
DA:248,0
DA:249,0
DA:250,0
DA:251,0
DA:268,0
DA:269,0
DA:270,0
DA:271,0
DA:273,0
DA:274,0
DA:275,0
LF:130
LH:1
end_of_record
SF:lib\main\edit_profile.dart
DA:10,0
DA:12,0
DA:13,0
DA:26,0
DA:28,0
DA:29,0
DA:30,0
DA:31,0
DA:32,0
DA:33,0
DA:34,0
DA:38,0
DA:39,0
DA:42,0
DA:46,0
DA:47,0
DA:48,0
DA:49,0
DA:50,0
DA:51,0
DA:52,0
DA:53,0
DA:54,0
DA:57,0
DA:58,0
DA:62,0
DA:63,0
DA:65,0
DA:66,0
DA:68,0
DA:69,0
DA:70,0
DA:71,0
DA:73,0
DA:77,0
DA:79,0
DA:81,0
DA:82,0
DA:83,0
DA:86,0
DA:87,0
DA:89,0
DA:90,0
DA:91,0
DA:92,0
DA:93,0
DA:94,0
DA:96,0
DA:100,0
DA:101,0
DA:102,0
DA:103,0
DA:108,0
DA:110,0
DA:112,0
DA:113,0
DA:114,0
DA:126,0
DA:128,0
DA:129,0
DA:130,0
DA:131,0
DA:137,0
DA:139,0
DA:141,0
DA:142,0
DA:145,0
DA:146,0
DA:152,0
DA:154,0
DA:156,0
DA:157,0
DA:160,0
DA:161,0
DA:167,0
DA:169,0
DA:171,0
DA:172,0
DA:175,0
DA:176,0
DA:182,0
DA:184,0
DA:186,0
DA:187,0
DA:193,0
DA:194,0
DA:195,0
DA:196,0
DA:197,0
LF:89
LH:0
end_of_record
SF:lib\main\Messages_page.dart
DA:7,0
DA:12,0
DA:13,0
DA:17,0
DA:25,0
DA:26,0
DA:27,0
DA:28,0
DA:30,0
DA:31,0
DA:32,0
DA:34,0
DA:38,0
DA:40,0
DA:41,0
DA:42,0
DA:43,0
DA:51,0
DA:52,0
DA:53,0
DA:54,0
DA:57,0
DA:60,0
DA:61,0
DA:62,0
DA:63,0
DA:64,0
DA:66,0
DA:67,0
DA:69,0
DA:70,0
DA:72,0
DA:74,0
DA:76,0
DA:77,0
DA:78,0
DA:80,0
DA:81,0
DA:83,0
DA:84,0
DA:85,0
DA:86,0
DA:88,0
DA:94,0
DA:100,0
DA:101,0
DA:103,0
DA:109,0
DA:110,0
DA:111,0
DA:112,0
DA:113,0
DA:114,0
DA:115,0
DA:116,0
DA:117,0
DA:118,0
DA:119,0
DA:121,0
DA:122,0
DA:123,0
DA:128,0
DA:131,0
DA:132,0
DA:142,0
DA:143,0
DA:144,0
DA:147,0
DA:148,0
DA:149,0
DA:150,0
DA:151,0
DA:152,0
DA:153,0
DA:154,0
DA:158,0
DA:161,0
DA:162,0
LF:78
LH:0
end_of_record
SF:lib\main\post_detail_page.dart
DA:13,1
DA:15,1
DA:16,1
DA:22,0
DA:23,0
DA:24,0
DA:46,1
DA:47,3
DA:52,0
DA:53,0
DA:58,0
DA:61,0
DA:66,0
DA:69,0
DA:70,0
DA:71,0
DA:72,0
DA:73,0
DA:77,0
DA:83,0
DA:86,0
DA:87,0
DA:88,0
DA:89,0
DA:93,0
DA:132,0
DA:133,0
DA:134,0
DA:140,0
DA:141,0
DA:143,0
DA:145,0
DA:146,0
DA:148,0
DA:149,0
DA:150,0
DA:152,0
DA:160,1
DA:162,4
DA:163,0
DA:164,0
DA:165,0
DA:167,0
DA:168,0
DA:169,0
DA:173,0
DA:174,0
DA:175,0
DA:176,0
DA:178,0
DA:181,1
DA:184,1
DA:188,3
DA:189,3
DA:191,1
DA:192,1
DA:193,1
DA:194,1
DA:201,0
DA:202,0
DA:203,0
DA:206,0
DA:207,0
DA:208,0
DA:213,0
DA:214,0
DA:217,0
DA:218,0
DA:219,0
DA:220,0
DA:221,0
DA:222,0
DA:226,0
DA:228,0
DA:234,0
DA:236,0
DA:238,0
DA:240,0
DA:246,0
DA:247,0
DA:248,0
DA:249,0
DA:250,0
DA:251,0
DA:252,0
DA:256,0
DA:258,0
DA:259,0
DA:266,0
DA:269,0
DA:270,0
DA:273,0
DA:279,0
DA:282,0
DA:283,0
DA:288,0
DA:289,0
DA:291,0
DA:294,0
DA:295,0
DA:300,0
DA:306,0
DA:308,0
DA:309,0
DA:310,0
DA:311,0
DA:316,0
DA:317,0
DA:318,0
DA:319,0
DA:320,0
DA:321,0
DA:322,0
DA:328,0
DA:330,0
DA:331,0
DA:332,0
DA:333,0
DA:334,0
DA:336,0
DA:337,0
DA:338,0
DA:339,0
DA:343,0
DA:345,0
DA:347,0
DA:348,0
DA:351,0
DA:352,0
DA:354,0
DA:360,0
DA:362,0
DA:363,0
DA:364,0
DA:367,0
DA:369,0
DA:373,0
DA:384,0
DA:389,0
DA:393,0
DA:394,0
DA:396,0
DA:397,0
DA:414,0
DA:416,0
DA:417,0
DA:419,0
DA:422,0
DA:424,0
DA:428,0
DA:438,0
DA:443,0
DA:447,0
DA:448,0
DA:450,0
DA:451,0
DA:474,0
DA:476,0
DA:478,0
DA:486,0
DA:489,0
DA:490,0
DA:491,0
DA:494,0
DA:497,0
DA:498,0
DA:499,0
DA:500,0
DA:501,0
DA:503,0
DA:506,0
DA:509,0
DA:510,0
DA:511,0
DA:512,0
DA:513,0
DA:515,0
DA:518,0
DA:519,0
DA:527,0
DA:530,0
DA:531,0
DA:532,0
DA:535,0
DA:536,0
DA:538,0
DA:539,0
DA:540,0
DA:541,0
DA:544,0
DA:545,0
DA:551,0
DA:553,0
DA:554,0
DA:555,0
DA:556,0
DA:557,0
DA:560,0
DA:572,0
DA:574,0
DA:575,0
DA:576,0
DA:577,0
DA:579,0
DA:580,0
DA:583,0
DA:584,0
DA:588,0
DA:591,0
DA:593,0
DA:594,0
DA:596,0
DA:598,0
DA:599,0
DA:603,0
DA:607,0
DA:608,0
DA:613,0
DA:616,0
DA:617,0
DA:619,0
DA:620,0
DA:621,0
DA:624,0
DA:626,0
DA:630,0
DA:635,0
DA:636,0
DA:647,0
DA:648,0
DA:649,0
DA:650,0
DA:651,0
DA:652,0
DA:654,0
DA:656,0
DA:657,0
DA:658,0
DA:659,0
DA:660,0
DA:661,0
DA:662,0
DA:663,0
DA:664,0
DA:665,0
DA:666,0
DA:667,0
DA:671,0
DA:672,0
DA:673,0
DA:675,0
DA:676,0
DA:678,0
DA:679,0
DA:680,0
DA:682,0
DA:684,0
DA:688,0
DA:697,0
DA:702,0
DA:706,0
DA:707,0
DA:708,0
DA:709,0
LF:264
LH:15
end_of_record
SF:lib\main\widgets\host_history.dart
DA:8,0
DA:13,0
DA:15,0
DA:16,0
DA:17,0
DA:18,0
DA:22,0
DA:24,0
DA:25,0
DA:26,0
DA:28,0
DA:29,0
DA:30,0
DA:31,0
DA:32,0
DA:37,0
DA:39,0
DA:40,0
DA:41,0
DA:42,0
DA:44,0
DA:45,0
DA:46,0
DA:47,0
DA:49,0
DA:50,0
DA:51,0
DA:52,0
DA:53,0
DA:55,0
DA:57,0
DA:60,0
DA:61,0
DA:62,0
DA:63,0
DA:64,0
DA:66,0
DA:67,0
DA:70,0
DA:71,0
DA:72,0
DA:78,0
DA:79,0
DA:83,0
DA:84,0
DA:85,0
DA:87,0
DA:88,0
DA:90,0
DA:91,0
DA:92,0
DA:98,0
DA:99,0
DA:103,0
DA:105,0
DA:107,0
DA:108,0
DA:109,0
DA:111,0
DA:112,0
DA:113,0
DA:116,0
DA:117,0
DA:118,0
LF:64
LH:0
end_of_record
SF:lib\main\widgets\rider_history.dart
DA:10,0
DA:15,0
DA:17,0
DA:19,0
DA:21,0
DA:22,0
DA:23,0
DA:24,0
DA:28,0
DA:29,0
DA:30,0
DA:32,0
DA:33,0
DA:35,0
DA:36,0
DA:37,0
DA:39,0
DA:40,0
DA:41,0
DA:42,0
DA:43,0
DA:45,0
DA:46,0
DA:47,0
DA:48,0
DA:49,0
DA:50,0
DA:51,0
DA:53,0
DA:54,0
DA:57,0
DA:58,0
DA:64,0
DA:65,0
LF:34
LH:0
end_of_record
SF:lib\main\saved_locations.dart
DA:8,0
DA:10,0
DA:11,0
DA:19,0
DA:21,0
DA:24,0
DA:26,0
DA:27,0
DA:28,0
DA:29,0
DA:31,0
DA:33,0
DA:37,0
DA:39,0
DA:40,0
DA:42,0
DA:43,0
DA:46,0
DA:48,0
DA:49,0
DA:51,0
DA:52,0
DA:56,0
DA:58,0
DA:61,0
DA:62,0
DA:63,0
DA:64,0
DA:67,0
DA:68,0
DA:69,0
DA:70,0
DA:71,0
DA:72,0
DA:74,0
DA:75,0
DA:76,0
DA:78,0
DA:90,0
DA:92,0
DA:93,0
DA:94,0
DA:95,0
DA:97,0
DA:98,0
DA:99,0
DA:100,0
DA:102,0
DA:108,0
DA:113,0
DA:115,0
DA:116,0
DA:117,0
DA:118,0
DA:120,0
DA:126,0
DA:134,0
DA:136,0
DA:137,0
DA:138,0
DA:139,0
DA:140,0
DA:149,0
DA:150,0
DA:151,0
DA:152,0
DA:153,0
DA:155,0
DA:180,0
DA:182,0
DA:183,0
DA:184,0
DA:186,0
DA:187,0
DA:188,0
DA:189,0
DA:190,0
DA:193,0
DA:194,0
DA:195,0
DA:196,0
DA:200,0
DA:201,0
DA:202,0
DA:203,0
DA:208,0
DA:209,0
DA:210,0
DA:215,0
DA:216,0
DA:217,0
DA:220,0
DA:222,0
DA:223,0
DA:224,0
DA:225,0
DA:226,0
DA:228,0
LF:98
LH:0
end_of_record
SF:lib\main\ride_history.dart
DA:8,0
DA:10,0
DA:11,0
DA:17,0
DA:19,0
DA:20,0
DA:24,0
DA:27,0
DA:29,0
DA:30,0
DA:31,0
DA:32,0
DA:35,0
DA:36,0
DA:37,0
DA:39,0
DA:40,0
DA:42,0
DA:43,0
DA:44,0
DA:51,0
DA:53,0
DA:54,0
DA:55,0
DA:61,0
DA:63,0
DA:64,0
DA:65,0
DA:73,0
DA:74,0
DA:75,0
DA:76,0
DA:77,0
DA:78,0
DA:79,0
DA:80,0
DA:81,0
DA:82,0
DA:83,0
DA:85,0
DA:86,0
DA:87,0
DA:88,0
DA:89,0
DA:90,0
DA:92,0
DA:93,0
DA:95,0
DA:97,0
DA:98,0
DA:99,0
DA:100,0
DA:101,0
DA:110,0
DA:112,0
DA:113,0
DA:114,0
LF:57
LH:0
end_of_record
SF:lib\main\widgets\chat_listtile.dart
DA:7,0
DA:10,0
DA:13,0
DA:15,0
DA:19,0
DA:20,0
DA:21,0
DA:23,0
DA:24,0
DA:25,0
DA:26,0
DA:28,0
DA:29,0
DA:30,0
DA:31,0
DA:33,0
DA:45,0
DA:47,0
DA:48,0
DA:49,0
DA:50,0
DA:51,0
DA:53,0
DA:54,0
DA:64,0
DA:66,0
DA:67,0
DA:68,0
LF:28
LH:0
end_of_record
SF:lib\main\widgets\notification_component.dart
DA:11,0
DA:17,0
DA:18,0
DA:23,0
DA:25,0
DA:26,0
DA:28,0
DA:31,0
DA:34,0
DA:35,0
DA:36,0
DA:37,0
DA:42,0
DA:44,0
DA:45,0
DA:46,0
DA:47,0
DA:52,0
DA:53,0
DA:54,0
DA:55,0
DA:58,0
DA:59,0
DA:60,0
DA:61,0
DA:62,0
DA:63,0
DA:64,0
DA:65,0
DA:66,0
DA:67,0
DA:68,0
DA:70,0
DA:71,0
DA:74,0
DA:75,0
DA:78,0
DA:79,0
DA:80,0
DA:81,0
DA:84,0
DA:85,0
DA:93,0
DA:95,0
DA:96,0
DA:101,0
DA:102,0
DA:103,0
DA:107,0
DA:112,0
DA:113,0
DA:114,0
DA:127,0
DA:128,0
DA:129,0
DA:130,0
DA:133,0
DA:134,0
DA:135,0
DA:136,0
DA:137,0
DA:138,0
DA:139,0
DA:140,0
DA:141,0
DA:142,0
DA:143,0
DA:145,0
DA:146,0
DA:149,0
DA:150,0
DA:154,0
DA:155,0
DA:156,0
DA:157,0
DA:158,0
DA:160,0
DA:161,0
DA:162,0
DA:170,0
DA:172,0
DA:173,0
DA:176,0
DA:181,0
DA:182,0
DA:184,0
DA:185,0
DA:186,0
DA:187,0
DA:189,0
DA:194,0
DA:199,0
DA:200,0
DA:201,0
LF:94
LH:0
end_of_record
SF:lib\main.dart
DA:13,0
DA:14,0
DA:15,0
DA:16,0
DA:17,0
DA:18,0
DA:20,0
DA:21,0
DA:22,0
DA:27,4
DA:28,1
DA:31,2
DA:32,1
DA:33,1
DA:36,0
DA:37,1
DA:38,1
DA:41,0
DA:42,0
DA:45,1
DA:48,0
DA:50,1
DA:53,0
DA:59,11
DA:62,1
DA:64,1
DA:66,1
DA:70,1
DA:76,1
DA:81,1
DA:83,1
DA:84,1
DA:85,1
DA:86,1
DA:87,2
DA:88,1
DA:89,1
LF:37
LH:23
end_of_record
SF:lib\main\main_page.dart
DA:11,11
DA:13,1
DA:14,1
DA:29,0
DA:30,0
DA:31,0
DA:35,1
DA:37,1
DA:38,3
DA:39,1
DA:42,1
DA:43,1
DA:46,1
DA:47,2
DA:48,1
DA:49,1
DA:50,2
DA:51,2
DA:52,1
DA:53,1
LF:20
LH:17
end_of_record
SF:lib\main\auth_pages\forgot_password.dart
DA:14,1
DA:17,3
DA:20,3
DA:22,1
DA:23,1
DA:26,1
DA:27,2
DA:28,1
DA:29,1
DA:31,1
DA:32,2
DA:36,2
DA:37,1
DA:38,1
DA:39,1
DA:40,1
DA:48,1
DA:49,1
DA:51,1
DA:52,1
DA:59,2
DA:61,1
DA:62,0
DA:63,0
DA:64,0
DA:65,0
DA:71,2
DA:73,1
DA:74,0
DA:83,0
DA:86,0
DA:87,0
DA:88,0
DA:89,0
DA:90,0
LF:35
LH:24
end_of_record
SF:lib\main\auth_pages\signup_page.dart
DA:16,3
DA:17,1
DA:18,1
DA:19,1
DA:20,1
DA:21,1
DA:22,1
DA:26,1
DA:27,1
DA:44,1
DA:45,1
DA:46,2
DA:47,2
DA:48,2
DA:49,2
DA:50,2
DA:51,2
DA:66,1
DA:68,2
DA:69,1
DA:72,1
DA:75,3
DA:78,3
DA:81,3
DA:84,1
DA:86,1
DA:87,1
DA:88,1
DA:89,7
DA:94,1
DA:95,2
DA:97,1
DA:100,1
DA:101,1
DA:102,2
DA:103,1
DA:106,1
DA:107,1
DA:111,1
DA:112,2
DA:113,1
DA:115,1
DA:118,1
DA:121,1
DA:122,2
DA:123,4
DA:125,0
DA:128,2
DA:129,1
DA:131,2
DA:140,1
DA:143,1
DA:144,2
DA:145,0
DA:146,0
DA:147,0
DA:149,2
DA:150,0
DA:151,0
DA:153,3
DA:154,0
DA:155,0
DA:157,5
DA:158,4
DA:163,3
DA:164,3
DA:175,0
DA:177,0
DA:178,0
DA:179,0
DA:180,0
DA:181,0
DA:182,0
DA:183,0
DA:189,0
DA:191,0
DA:192,0
DA:193,0
DA:194,0
DA:195,0
DA:196,0
DA:197,0
DA:198,0
DA:199,0
DA:200,0
DA:201,0
DA:202,0
DA:203,0
DA:204,0
DA:206,0
DA:207,0
LF:91
LH:58
end_of_record
SF:lib\main\auth_pages\signup_widgets\0_term_agreement.dart
DA:14,1
DA:16,1
DA:17,1
DA:30,1
DA:33,3
DA:36,3
DA:37,1
DA:38,2
DA:39,1
DA:40,1
DA:41,2
DA:45,2
DA:46,1
DA:47,1
DA:48,1
DA:49,1
DA:54,1
DA:55,1
DA:56,1
DA:58,1
DA:59,2
DA:60,1
DA:61,2
DA:62,1
DA:65,1
DA:66,4
DA:69,2
DA:73,2
DA:75,1
DA:76,2
DA:77,1
DA:78,1
DA:80,2
DA:83,3
DA:88,0
DA:89,0
DA:93,1
DA:94,1
LF:38
LH:36
end_of_record
SF:lib\main\auth_pages\signup_widgets\1_provide_email.dart
DA:12,1
DA:14,1
DA:15,1
DA:20,3
DA:23,3
DA:26,3
DA:28,1
DA:31,3
DA:34,3
DA:35,1
DA:36,1
DA:37,2
DA:38,1
DA:39,1
DA:40,1
DA:41,1
DA:45,2
DA:47,1
DA:48,2
DA:49,1
DA:50,1
DA:51,1
DA:52,1
DA:62,1
DA:63,1
DA:65,1
DA:66,1
DA:72,2
DA:73,1
DA:74,1
DA:83,1
DA:84,3
DA:88,1
DA:89,1
DA:91,1
DA:92,1
DA:94,1
DA:95,4
DA:101,2
DA:102,1
DA:103,1
DA:112,1
DA:113,3
DA:117,1
DA:118,1
DA:120,2
LF:46
LH:46
end_of_record
SF:lib\main\auth_pages\signup_widgets\2_provide_password.dart
DA:12,1
DA:14,1
DA:15,1
DA:20,3
DA:23,3
DA:25,1
DA:28,3
DA:31,3
DA:32,1
DA:33,1
DA:34,2
DA:35,1
DA:36,1
DA:37,2
DA:41,1
DA:43,1
DA:44,1
DA:45,1
DA:46,1
DA:49,1
DA:50,1
DA:51,1
DA:54,1
DA:55,1
DA:56,1
DA:61,2
DA:63,1
DA:64,2
DA:65,2
DA:66,1
DA:67,1
DA:78,1
DA:79,1
DA:81,1
DA:87,2
DA:88,1
DA:89,1
DA:100,1
DA:101,3
DA:105,1
DA:106,1
DA:108,1
DA:109,4
LF:43
LH:43
end_of_record
SF:lib\main\auth_pages\signup_widgets\3_attemptVerify.dart
DA:16,1
DA:18,1
DA:19,1
DA:31,1
DA:33,1
DA:35,1
DA:36,2
DA:38,0
DA:43,1
DA:45,2
DA:46,1
DA:49,1
DA:52,3
DA:55,3
DA:57,1
DA:58,2
DA:59,1
DA:60,1
DA:61,1
DA:62,1
DA:69,1
DA:70,1
DA:71,1
DA:72,2
DA:73,2
DA:74,1
DA:75,2
DA:76,1
DA:79,1
DA:81,1
DA:82,1
DA:83,2
DA:84,2
DA:93,2
DA:95,1
DA:96,0
DA:97,0
DA:107,0
DA:108,0
DA:109,0
DA:111,0
DA:112,0
DA:113,0
DA:116,0
DA:120,0
DA:121,0
DA:122,0
DA:124,0
DA:125,0
DA:126,0
DA:127,0
DA:130,0
LF:52
LH:34
end_of_record
SF:lib\main\auth_pages\signup_widgets\4_provide_info.dart
DA:18,1
DA:20,1
DA:21,1
DA:46,1
DA:49,3
DA:52,3
DA:53,1
DA:54,1
DA:55,2
DA:56,1
DA:57,1
DA:58,1
DA:59,1
DA:63,2
DA:66,1
DA:67,2
DA:68,2
DA:70,1
DA:71,0
DA:72,0
DA:73,0
DA:75,1
DA:76,1
DA:77,1
DA:78,1
DA:79,1
DA:80,1
DA:82,1
DA:87,2
DA:88,0
DA:89,0
DA:91,0
DA:93,1
DA:94,1
DA:95,1
DA:98,2
DA:99,1
DA:100,1
DA:108,1
DA:109,3
DA:112,1
DA:113,1
DA:119,2
DA:120,1
DA:121,1
DA:129,1
DA:130,3
DA:133,1
DA:134,1
DA:140,2
DA:141,1
DA:142,1
DA:150,1
DA:151,3
DA:154,1
DA:155,1
DA:157,1
DA:163,2
DA:164,1
DA:165,1
DA:173,1
DA:174,4
DA:177,1
DA:178,1
DA:184,2
DA:186,1
DA:194,0
DA:195,0
DA:209,0
DA:211,0
DA:214,0
DA:215,0
DA:216,0
DA:218,0
DA:219,0
DA:224,0
DA:225,0
DA:226,0
DA:230,0
DA:231,0
DA:232,0
DA:233,0
DA:234,0
DA:235,0
DA:236,0
DA:239,0
DA:240,0
LF:87
LH:60
end_of_record
SF:lib\main\auth_pages\signup_widgets\5_review_profile.dart
DA:11,1
DA:15,1
DA:17,1
DA:18,1
DA:22,1
DA:25,3
DA:28,3
DA:29,1
DA:30,1
DA:31,2
DA:32,1
DA:33,1
DA:35,1
DA:39,2
DA:40,1
DA:41,1
DA:42,1
DA:43,1
DA:44,1
DA:45,1
DA:47,1
DA:52,4
DA:53,0
DA:54,0
DA:56,0
DA:58,1
DA:59,1
DA:60,1
DA:62,2
DA:63,1
DA:64,1
DA:68,1
DA:69,1
DA:71,9
DA:75,2
DA:76,1
DA:77,1
DA:81,1
DA:82,1
DA:83,3
DA:87,2
DA:88,1
DA:89,1
DA:93,1
DA:94,1
DA:95,3
DA:99,2
DA:100,1
DA:101,1
DA:105,1
DA:106,1
DA:107,4
LF:52
LH:49
end_of_record
SF:lib\main\utils\terms_as_str.dart
DA:7,2
DA:37,2
DA:69,2
DA:283,2
DA:316,2
DA:317,2
DA:318,2
DA:321,2
DA:322,6
DA:326,2
LF:10
LH:10
end_of_record
SF:lib\main\host_page.dart
DA:18,2
DA:19,1
DA:20,1
DA:31,1
DA:32,2
DA:80,0
DA:81,0
DA:85,0
DA:86,0
DA:87,0
DA:88,0
DA:90,0
DA:92,0
DA:94,0
DA:95,0
DA:96,0
DA:97,0
DA:99,0
DA:100,0
DA:103,0
DA:104,0
DA:105,0
DA:106,0
DA:107,0
DA:108,0
DA:109,0
DA:110,0
DA:111,0
DA:112,0
DA:116,0
DA:118,0
DA:119,0
DA:120,0
DA:121,0
DA:122,0
DA:123,0
DA:125,0
DA:126,0
DA:127,0
DA:128,0
DA:129,0
DA:130,0
DA:133,0
DA:134,0
DA:135,0
DA:138,0
DA:139,0
DA:140,0
DA:141,0
DA:142,0
DA:143,0
DA:144,0
DA:145,0
DA:146,0
DA:147,0
DA:148,0
DA:149,0
DA:150,0
DA:151,0
DA:153,0
DA:154,0
DA:163,0
DA:164,0
DA:170,0
DA:171,0
DA:181,1
DA:183,1
DA:184,3
DA:185,1
DA:186,2
DA:190,1
DA:194,1
DA:198,1
DA:199,2
DA:200,2
DA:202,2
DA:205,1
DA:208,1
DA:222,1
DA:223,2
DA:224,1
DA:225,1
DA:226,1
DA:228,4
DA:233,2
DA:234,1
DA:235,2
DA:236,2
DA:237,1
DA:238,1
DA:239,1
DA:241,2
DA:247,3
DA:248,3
DA:250,1
DA:251,1
DA:252,1
DA:254,1
DA:256,1
DA:257,0
DA:258,0
DA:259,0
DA:267,1
DA:268,0
DA:269,0
DA:271,0
DA:272,0
DA:275,1
DA:276,1
DA:277,1
DA:278,1
DA:281,1
DA:284,1
DA:298,1
DA:300,1
DA:302,1
DA:303,1
DA:305,1
DA:307,1
DA:308,3
DA:309,3
DA:310,1
DA:321,1
DA:324,1
DA:325,1
DA:327,1
DA:329,0
DA:330,0
DA:331,0
DA:340,1
DA:341,3
DA:342,3
DA:343,1
DA:354,1
DA:357,1
DA:358,1
DA:361,1
DA:362,0
DA:364,0
DA:365,0
DA:366,0
DA:376,1
DA:377,3
DA:378,3
DA:379,1
DA:390,1
DA:393,1
DA:394,1
DA:397,1
DA:398,0
DA:400,0
DA:401,0
DA:402,0
DA:413,1
DA:414,0
DA:415,0
DA:416,0
DA:417,0
DA:435,1
DA:437,1
DA:439,1
DA:440,1
DA:441,1
DA:443,1
DA:444,3
DA:445,3
DA:446,1
DA:448,1
DA:449,0
DA:451,0
DA:452,0
DA:453,0
DA:454,0
DA:455,0
DA:456,0
DA:457,0
DA:465,1
DA:466,0
DA:493,1
DA:495,1
DA:497,1
DA:499,1
DA:500,3
DA:501,1
DA:502,1
DA:503,0
DA:505,0
DA:507,0
DA:509,0
DA:511,0
DA:512,0
DA:514,0
DA:515,0
DA:519,0
DA:520,0
DA:521,0
DA:523,0
DA:526,0
DA:528,0
DA:529,0
DA:530,0
DA:531,0
DA:532,0
DA:533,0
DA:534,0
DA:535,0
DA:536,0
DA:560,1
DA:561,0
DA:580,1
DA:582,1
DA:584,1
DA:585,1
DA:586,1
DA:588,1
DA:589,3
DA:590,3
DA:591,1
DA:593,1
DA:594,0
DA:596,0
DA:597,0
DA:598,0
DA:599,0
DA:600,0
DA:601,0
DA:602,0
DA:611,1
DA:612,0
DA:629,1
DA:631,1
DA:633,1
DA:635,1
DA:636,3
DA:637,1
DA:656,0
DA:658,0
DA:659,0
DA:676,1
DA:678,1
DA:680,1
DA:682,1
DA:683,3
DA:684,1
DA:685,1
DA:687,0
DA:689,0
DA:691,0
DA:693,0
DA:695,0
DA:696,0
DA:698,0
DA:699,0
DA:702,0
DA:703,0
DA:705,0
DA:708,0
DA:710,0
DA:711,0
DA:712,0
DA:713,0
DA:714,0
DA:715,0
DA:716,0
DA:717,0
DA:718,0
DA:719,0
DA:743,1
DA:744,0
DA:770,1
DA:772,1
DA:774,1
DA:776,1
DA:777,3
DA:778,1
DA:797,0
DA:799,0
DA:800,0
DA:806,1
DA:807,0
DA:823,1
DA:825,1
DA:827,1
DA:829,1
DA:830,3
DA:831,1
DA:850,0
DA:852,0
DA:853,0
DA:859,1
DA:860,0
DA:875,1
DA:877,1
DA:879,1
DA:881,1
DA:882,3
DA:883,1
DA:902,0
DA:904,0
DA:905,0
DA:911,1
DA:912,0
DA:928,1
DA:930,1
DA:932,1
DA:933,1
DA:935,1
DA:937,1
DA:938,3
DA:939,3
DA:940,1
DA:951,1
DA:954,1
DA:955,1
DA:956,1
DA:957,2
DA:958,1
DA:960,2
DA:962,1
DA:964,1
DA:965,0
DA:967,0
DA:968,0
DA:969,0
DA:977,1
DA:978,3
DA:979,3
DA:980,1
DA:982,1
DA:984,1
DA:987,1
DA:989,1
DA:990,1
DA:992,1
DA:998,0
DA:1000,0
DA:1001,0
DA:1003,0
DA:1005,0
DA:1006,0
DA:1008,0
DA:1010,0
DA:1011,0
DA:1012,0
DA:1014,0
DA:1016,0
DA:1020,0
DA:1029,0
DA:1034,0
DA:1038,0
DA:1039,0
DA:1040,0
DA:1041,0
DA:1056,0
DA:1058,0
DA:1059,0
DA:1060,0
DA:1062,0
DA:1064,0
DA:1068,0
DA:1077,0
DA:1082,0
DA:1086,0
DA:1087,0
DA:1088,0
DA:1089,0
DA:1103,0
DA:1109,1
DA:1121,1
DA:1122,0
LF:370
LH:171
end_of_record
SF:lib\main\landing_page.dart
DA:22,2
DA:24,2
DA:25,2
DA:37,2
DA:38,4
DA:46,0
DA:49,0
DA:58,0
DA:59,0
DA:60,0
DA:61,0
DA:62,0
DA:63,0
DA:64,0
DA:65,0
DA:68,0
DA:69,0
DA:70,0
DA:71,0
DA:72,0
DA:73,0
DA:74,0
DA:75,0
DA:76,0
DA:77,0
DA:83,0
DA:84,0
DA:85,0
DA:86,0
DA:87,0
DA:88,0
DA:89,0
DA:90,0
DA:91,0
DA:104,0
DA:105,0
DA:115,0
DA:116,0
DA:128,2
DA:131,6
DA:132,6
DA:135,2
DA:136,3
DA:139,0
DA:142,0
DA:144,0
DA:145,0
DA:146,0
DA:147,0
DA:151,0
DA:152,0
DA:153,0
DA:154,0
DA:155,0
DA:156,0
DA:157,0
DA:160,0
DA:161,0
DA:165,2
DA:166,2
DA:167,2
DA:168,4
DA:170,2
DA:171,2
DA:172,0
DA:173,0
DA:174,0
DA:182,2
DA:183,0
DA:184,0
DA:186,0
DA:187,0
DA:190,2
DA:191,2
DA:192,2
DA:194,2
DA:195,2
DA:197,2
DA:199,2
DA:200,2
DA:201,2
DA:202,4
DA:204,0
DA:205,0
DA:206,0
DA:209,0
DA:211,0
DA:212,0
DA:213,0
DA:215,0
DA:216,0
DA:218,0
DA:219,0
DA:224,0
DA:225,0
DA:227,0
DA:228,0
DA:230,0
DA:231,0
DA:233,0
DA:235,0
DA:236,0
DA:238,0
DA:240,0
DA:241,0
DA:243,0
DA:253,2
DA:255,2
DA:257,6
DA:258,2
DA:263,2
DA:269,4
DA:271,2
DA:273,6
DA:290,2
DA:292,2
DA:295,2
DA:297,2
DA:300,6
DA:301,2
DA:310,2
DA:316,2
DA:323,2
DA:333,2
DA:337,2
DA:354,2
DA:356,2
DA:358,2
DA:360,2
DA:365,2
DA:373,4
DA:375,2
DA:377,4
DA:382,2
DA:384,0
DA:387,0
DA:388,0
DA:389,0
DA:391,0
DA:404,2
DA:407,6
DA:408,2
DA:416,2
DA:419,2
DA:420,2
DA:425,2
DA:432,2
DA:441,2
DA:443,2
DA:447,2
DA:457,0
DA:458,0
DA:459,0
DA:460,0
DA:462,0
DA:475,2
DA:477,2
DA:479,6
DA:480,2
DA:486,2
DA:490,2
DA:497,2
DA:498,2
DA:502,2
DA:512,2
DA:513,2
DA:514,2
DA:515,2
DA:518,2
DA:520,2
DA:522,0
DA:526,0
DA:529,0
DA:530,0
DA:534,0
DA:537,0
DA:538,0
DA:544,0
DA:545,0
DA:550,0
DA:551,0
DA:552,0
DA:556,0
DA:562,0
DA:566,0
DA:570,0
DA:571,0
DA:574,0
DA:575,0
DA:578,0
DA:579,0
DA:580,0
DA:581,0
DA:582,0
DA:583,0
DA:584,0
DA:586,0
DA:588,0
DA:589,0
DA:590,0
DA:591,0
DA:634,2
DA:639,2
DA:643,2
DA:653,2
DA:654,2
DA:655,2
DA:656,2
DA:661,2
DA:665,2
DA:667,0
DA:669,0
DA:670,0
DA:671,0
DA:672,0
DA:673,0
DA:686,2
DA:687,2
DA:692,2
DA:696,2
DA:698,0
DA:700,0
DA:701,0
DA:702,0
DA:703,0
DA:704,0
DA:720,2
DA:722,2
DA:724,6
DA:725,2
DA:731,2
DA:735,2
DA:742,2
DA:743,2
DA:747,2
DA:757,2
DA:758,2
DA:759,2
DA:760,2
DA:763,2
DA:765,2
DA:767,0
DA:771,0
DA:774,0
DA:775,0
DA:779,0
DA:782,0
DA:783,0
DA:789,0
DA:790,0
DA:795,0
DA:796,0
DA:797,0
DA:801,0
DA:806,0
DA:810,0
DA:814,0
DA:815,0
DA:818,0
DA:819,0
DA:822,0
DA:823,0
DA:824,0
DA:825,0
DA:826,0
DA:827,0
DA:828,0
DA:830,0
DA:832,0
DA:833,0
DA:834,0
DA:835,0
DA:877,2
DA:881,2
DA:891,2
DA:897,2
DA:898,2
DA:900,2
DA:901,2
DA:906,2
DA:910,2
DA:912,0
DA:914,0
DA:915,0
DA:916,0
DA:917,0
DA:918,0
DA:931,2
DA:932,2
DA:937,2
DA:941,2
DA:943,0
DA:945,0
DA:946,0
DA:947,0
DA:948,0
DA:949,0
DA:965,2
DA:966,2
DA:969,0
DA:970,0
DA:971,0
DA:972,0
DA:974,0
DA:979,0
DA:981,0
DA:982,0
DA:984,0
DA:987,0
DA:989,0
DA:993,0
DA:1002,0
DA:1007,0
DA:1011,0
DA:1012,0
DA:1014,0
DA:1015,0
DA:1040,2
DA:1041,0
DA:1044,0
DA:1045,0
DA:1046,0
DA:1047,0
DA:1048,0
DA:1049,0
DA:1050,0
DA:1051,0
DA:1052,0
LF:328
LH:125
end_of_record
SF:lib\main\widgets\my_host_card.dart
DA:11,0
DA:17,0
DA:19,0
DA:20,0
DA:21,0
DA:22,0
DA:27,0
DA:29,0
DA:30,0
DA:31,0
DA:33,0
DA:34,0
DA:35,0
DA:36,0
DA:38,0
DA:43,0
DA:45,0
DA:46,0
DA:47,0
DA:48,0
DA:50,0
DA:51,0
DA:52,0
DA:53,0
DA:55,0
DA:56,0
DA:57,0
DA:58,0
DA:59,0
DA:61,0
DA:62,0
DA:64,0
DA:65,0
DA:66,0
DA:67,0
DA:68,0
DA:69,0
DA:75,0
DA:76,0
DA:84,0
DA:85,0
DA:88,0
DA:90,0
DA:91,0
DA:93,0
DA:94,0
DA:95,0
DA:101,0
DA:103,0
DA:104,0
DA:105,0
DA:107,0
DA:111,0
DA:113,0
DA:115,0
DA:116,0
DA:117,0
DA:119,0
DA:120,0
DA:121,0
DA:123,0
DA:124,0
DA:127,0
DA:129,0
DA:131,0
DA:132,0
DA:134,0
DA:137,0
DA:138,0
DA:146,0
DA:150,0
DA:153,0
DA:158,0
DA:159,0
LF:74
LH:0
end_of_record
SF:lib\main\widgets\ride_card.dart
DA:11,0
DA:15,0
DA:18,0
DA:21,0
DA:23,0
DA:24,0
DA:25,0
DA:26,0
DA:30,0
DA:31,0
DA:32,0
DA:34,0
DA:35,0
DA:37,0
DA:38,0
DA:39,0
DA:40,0
DA:42,0
DA:43,0
DA:44,0
DA:45,0
DA:46,0
DA:48,0
DA:49,0
DA:50,0
DA:51,0
DA:52,0
DA:53,0
DA:54,0
DA:56,0
DA:57,0
DA:60,0
DA:61,0
DA:67,0
DA:68,0
DA:69,0
DA:71,0
DA:72,0
DA:73,0
DA:74,0
DA:76,0
DA:77,0
DA:78,0
DA:80,0
DA:87,0
DA:89,0
DA:90,0
DA:97,0
DA:98,0
DA:101,0
DA:106,0
DA:108,0
DA:109,0
LF:53
LH:0
end_of_record
SF:lib\main\widgets\search_stream.dart
DA:16,0
DA:24,0
DA:26,0
DA:28,0
DA:38,0
DA:39,0
DA:75,0
DA:78,0
DA:79,0
DA:80,0
DA:81,0
DA:84,0
DA:86,0
DA:89,0
DA:91,0
DA:93,0
DA:94,0
DA:95,0
DA:97,0
DA:99,0
DA:100,0
DA:101,0
DA:102,0
DA:103,0
DA:104,0
DA:105,0
DA:106,0
DA:107,0
DA:108,0
DA:109,0
DA:110,0
DA:111,0
DA:112,0
DA:113,0
DA:115,0
DA:117,0
DA:119,0
DA:120,0
DA:122,0
DA:124,0
DA:126,0
DA:127,0
DA:131,0
DA:132,0
DA:134,0
DA:135,0
DA:138,0
DA:140,0
DA:141,0
DA:142,0
DA:143,0
DA:144,0
DA:146,0
DA:147,0
DA:148,0
DA:154,0
DA:155,0
DA:156,0
DA:158,0
DA:159,0
DA:160,0
DA:162,0
DA:163,0
DA:165,0
DA:167,0
DA:168,0
DA:169,0
DA:171,0
DA:179,0
DA:180,0
DA:181,0
DA:184,0
DA:185,0
DA:190,0
DA:197,0
DA:201,0
DA:204,0
DA:205,0
DA:206,0
DA:212,0
DA:213,0
DA:216,0
DA:221,0
DA:223,0
DA:226,0
DA:231,0
DA:236,0
DA:237,0
DA:245,0
DA:246,0
LF:90
LH:0
end_of_record
SF:lib\main\rides_page.dart
DA:13,2
DA:16,1
DA:21,1
DA:22,2
DA:23,0
DA:24,0
DA:25,0
DA:26,0
DA:28,0
DA:29,0
DA:31,0
DA:32,0
DA:34,0
DA:35,0
DA:37,0
DA:43,0
DA:44,0
DA:45,0
DA:46,0
DA:47,0
DA:48,0
DA:49,0
DA:50,0
DA:51,0
DA:52,0
DA:53,0
DA:54,0
DA:62,0
DA:63,0
DA:65,0
DA:67,0
DA:68,0
DA:70,0
DA:72,0
DA:73,0
DA:74,0
DA:75,0
DA:76,0
DA:77,0
DA:78,0
DA:79,0
DA:81,0
DA:90,0
DA:98,0
DA:99,0
DA:101,0
DA:103,0
DA:105,0
DA:107,0
DA:108,0
DA:109,0
DA:111,0
DA:112,0
DA:113,0
DA:116,0
DA:117,0
DA:118,0
DA:119,0
DA:120,0
DA:121,0
DA:122,0
DA:123,0
DA:124,0
DA:125,0
DA:136,0
DA:144,0
DA:145,0
DA:147,0
DA:149,0
DA:151,0
DA:153,0
DA:154,0
DA:155,0
DA:157,0
DA:158,0
DA:159,0
DA:162,0
DA:163,0
DA:164,0
DA:165,0
DA:166,0
DA:167,0
DA:168,0
DA:169,0
DA:170,0
DA:171,0
DA:186,0
DA:189,1
LF:88
LH:5
end_of_record
SF:lib\main\settings_page.dart
DA:6,1
DA:9,0
DA:12,0
DA:13,0
DA:14,0
DA:17,0
DA:19,0
DA:22,0
DA:23,0
DA:24,0
DA:25,0
LF:11
LH:1
end_of_record
SF:lib\main\utils\rides_page_utils.dart
DA:4,0
DA:6,0
DA:7,0
DA:8,0
DA:9,0
DA:11,0
DA:16,0
DA:18,0
DA:19,0
DA:20,0
DA:21,0
DA:22,0
DA:25,0
LF:13
LH:0
end_of_record
